<?xml version="1.0" encoding="UTF-8"?>
<coverage generated="1784560639510" clover="3.2.0">
  <project timestamp="1784560639510" name="All files">
    <metrics statements="21" coveredstatements="21" conditionals="22" coveredconditionals="21" methods="7" coveredmethods="7" elements="50" coveredelements="49" complexity="0" loc="21" ncloc="21" packages="1" files="2" classes="2"/>
    <file name="ui.ts" path="/Users/jhkim/Desktop/work/tcn/src/i18n/ui.ts">
      <metrics statements="4" coveredstatements="4" conditionals="0" coveredconditionals="0" methods="0" coveredmethods="0"/>
      <line num="4" count="1" type="stmt"/>
      <line num="9" count="1" type="stmt"/>
      <line num="10" count="1" type="stmt"/>
      <line num="12" count="1" type="stmt"/>
    </file>
    <file name="utils.ts" path="/Users/jhkim/Desktop/work/tcn/src/i18n/utils.ts">
      <metrics statements="17" coveredstatements="17" conditionals="22" coveredconditionals="21" methods="7" coveredmethods="7"/>
      <line num="8" count="4" type="stmt"/>
      <line num="9" count="4" type="cond" truecount="2" falsecount="0"/>
      <line num="10" count="2" type="stmt"/>
      <line num="15" count="2" type="stmt"/>
      <line num="16" count="3" type="cond" truecount="1" falsecount="1"/>
      <line num="25" count="6" type="stmt"/>
      <line num="26" count="6" type="cond" truecount="2" falsecount="0"/>
      <line num="31" count="8" type="stmt"/>
      <line num="32" count="8" type="cond" truecount="4" falsecount="0"/>
      <line num="33" count="6" type="stmt"/>
      <line num="34" count="6" type="cond" truecount="2" falsecount="0"/>
      <line num="36" count="2" type="cond" truecount="2" falsecount="0"/>
      <line num="41" count="3" type="stmt"/>
      <line num="44" count="1" type="stmt"/>
      <line num="51" count="3" type="stmt"/>
      <line num="52" count="3" type="cond" truecount="5" falsecount="0"/>
      <line num="53" count="2" type="cond" truecount="2" falsecount="0"/>
    </file>
  </project>
</coverage>
