{"/Users/jhkim/Desktop/work/tcn/src/i18n/ui.ts": {"path":"/Users/jhkim/Desktop/work/tcn/src/i18n/ui.ts","statementMap":{"0":{"start":{"line":4,"column":25},"end":{"line":7,"column":null}},"1":{"start":{"line":9,"column":27},"end":{"line":9,"column":null}},"2":{"start":{"line":10,"column":31},"end":{"line":10,"column":null}},"3":{"start":{"line":12,"column":18},"end":{"line":79,"column":null}}},"fnMap":{},"branchMap":{},"s":{"0":1,"1":1,"2":1,"3":1},"f":{},"b":{},"meta":{"lastBranch":0,"lastFunction":0,"lastStatement":4,"seen":{"s:4:25:7:Infinity":0,"s:9:27:9:Infinity":1,"s:10:31:10:Infinity":2,"s:12:18:79:Infinity":3},"fnNames":{}}}
,"/Users/jhkim/Desktop/work/tcn/src/i18n/utils.ts": {"path":"/Users/jhkim/Desktop/work/tcn/src/i18n/utils.ts","statementMap":{"0":{"start":{"line":8,"column":18},"end":{"line":8,"column":null}},"1":{"start":{"line":9,"column":2},"end":{"line":9,"column":null}},"2":{"start":{"line":9,"column":17},"end":{"line":9,"column":null}},"3":{"start":{"line":10,"column":2},"end":{"line":10,"column":null}},"4":{"start":{"line":15,"column":2},"end":{"line":17,"column":null}},"5":{"start":{"line":16,"column":4},"end":{"line":16,"column":null}},"6":{"start":{"line":25,"column":16},"end":{"line":25,"column":null}},"7":{"start":{"line":26,"column":2},"end":{"line":26,"column":null}},"8":{"start":{"line":31,"column":16},"end":{"line":31,"column":null}},"9":{"start":{"line":32,"column":2},"end":{"line":35,"column":null}},"10":{"start":{"line":33,"column":17},"end":{"line":33,"column":null}},"11":{"start":{"line":34,"column":4},"end":{"line":34,"column":null}},"12":{"start":{"line":36,"column":2},"end":{"line":36,"column":null}},"13":{"start":{"line":41,"column":2},"end":{"line":41,"column":null}},"14":{"start":{"line":44,"column":18},"end":{"line":47,"column":null}},"15":{"start":{"line":51,"column":20},"end":{"line":51,"column":null}},"16":{"start":{"line":52,"column":2},"end":{"line":52,"column":null}},"17":{"start":{"line":52,"column":22},"end":{"line":52,"column":null}},"18":{"start":{"line":53,"column":2},"end":{"line":53,"column":null}}},"fnMap":{"0":{"name":"getLangFromUrl","decl":{"start":{"line":7,"column":16},"end":{"line":7,"column":31}},"loc":{"start":{"line":7,"column":49},"end":{"line":11,"column":null}},"line":7},"1":{"name":"useTranslations","decl":{"start":{"line":14,"column":16},"end":{"line":14,"column":32}},"loc":{"start":{"line":14,"column":46},"end":{"line":18,"column":null}},"line":14},"2":{"name":"t","decl":{"start":{"line":15,"column":18},"end":{"line":15,"column":20}},"loc":{"start":{"line":15,"column":40},"end":{"line":17,"column":null}},"line":15},"3":{"name":"localizePath","decl":{"start":{"line":24,"column":16},"end":{"line":24,"column":29}},"loc":{"start":{"line":24,"column":65},"end":{"line":27,"column":null}},"line":24},"4":{"name":"stripLangPrefix","decl":{"start":{"line":30,"column":16},"end":{"line":30,"column":32}},"loc":{"start":{"line":30,"column":58},"end":{"line":37,"column":null}},"line":30},"5":{"name":"switchLangPath","decl":{"start":{"line":40,"column":16},"end":{"line":40,"column":31}},"loc":{"start":{"line":40,"column":76},"end":{"line":42,"column":null}},"line":40},"6":{"name":"formatDate","decl":{"start":{"line":50,"column":16},"end":{"line":50,"column":27}},"loc":{"start":{"line":50,"column":76},"end":{"line":54,"column":null}},"line":50}},"branchMap":{"0":{"loc":{"start":{"line":9,"column":2},"end":{"line":9,"column":null}},"type":"if","locations":[{"start":{"line":9,"column":2},"end":{"line":9,"column":null}},{"start":{},"end":{}}],"line":9},"1":{"loc":{"start":{"line":16,"column":11},"end":{"line":16,"column":null}},"type":"binary-expr","locations":[{"start":{"line":16,"column":11},"end":{"line":16,"column":28}},{"start":{"line":16,"column":28},"end":{"line":16,"column":null}}],"line":16},"2":{"loc":{"start":{"line":26,"column":9},"end":{"line":26,"column":null}},"type":"cond-expr","locations":[{"start":{"line":26,"column":25},"end":{"line":26,"column":39}},{"start":{"line":26,"column":39},"end":{"line":26,"column":null}}],"line":26},"3":{"loc":{"start":{"line":32,"column":2},"end":{"line":35,"column":null}},"type":"if","locations":[{"start":{"line":32,"column":2},"end":{"line":35,"column":null}},{"start":{},"end":{}}],"line":32},"4":{"loc":{"start":{"line":32,"column":6},"end":{"line":32,"column":34}},"type":"binary-expr","locations":[{"start":{"line":32,"column":6},"end":{"line":32,"column":18}},{"start":{"line":32,"column":18},"end":{"line":32,"column":34}}],"line":32},"5":{"loc":{"start":{"line":34,"column":11},"end":{"line":34,"column":null}},"type":"cond-expr","locations":[{"start":{"line":34,"column":26},"end":{"line":34,"column":32}},{"start":{"line":34,"column":32},"end":{"line":34,"column":null}}],"line":34},"6":{"loc":{"start":{"line":36,"column":9},"end":{"line":36,"column":null}},"type":"cond-expr","locations":[{"start":{"line":36,"column":28},"end":{"line":36,"column":34}},{"start":{"line":36,"column":34},"end":{"line":36,"column":null}}],"line":36},"7":{"loc":{"start":{"line":50,"column":40},"end":{"line":50,"column":76}},"type":"default-arg","locations":[{"start":{"line":50,"column":55},"end":{"line":50,"column":76}}],"line":50},"8":{"loc":{"start":{"line":52,"column":2},"end":{"line":52,"column":null}},"type":"if","locations":[{"start":{"line":52,"column":2},"end":{"line":52,"column":null}},{"start":{},"end":{}}],"line":52},"9":{"loc":{"start":{"line":52,"column":6},"end":{"line":52,"column":22}},"type":"binary-expr","locations":[{"start":{"line":52,"column":6},"end":{"line":52,"column":12}},{"start":{"line":52,"column":12},"end":{"line":52,"column":18}},{"start":{"line":52,"column":18},"end":{"line":52,"column":22}}],"line":52},"10":{"loc":{"start":{"line":53,"column":9},"end":{"line":53,"column":null}},"type":"cond-expr","locations":[{"start":{"line":53,"column":25},"end":{"line":53,"column":60}},{"start":{"line":53,"column":60},"end":{"line":53,"column":null}}],"line":53}},"s":{"0":4,"1":4,"2":2,"3":2,"4":2,"5":3,"6":6,"7":6,"8":8,"9":8,"10":6,"11":6,"12":2,"13":3,"14":1,"15":3,"16":3,"17":1,"18":2},"f":{"0":4,"1":2,"2":3,"3":6,"4":8,"5":3,"6":3},"b":{"0":[2,2],"1":[3,0],"2":[2,4],"3":[6,2],"4":[8,7],"5":[2,4],"6":[1,1],"7":[3],"8":[1,2],"9":[3,2,2],"10":[1,1]},"meta":{"lastBranch":11,"lastFunction":7,"lastStatement":19,"seen":{"f:7:16:7:31":0,"s:8:18:8:Infinity":0,"b:9:2:9:Infinity:undefined:undefined:undefined:undefined":0,"s:9:2:9:Infinity":1,"s:9:17:9:Infinity":2,"s:10:2:10:Infinity":3,"f:14:16:14:32":1,"s:15:2:17:Infinity":4,"f:15:18:15:20":2,"s:16:4:16:Infinity":5,"b:16:11:16:28:16:28:16:Infinity":1,"f:24:16:24:29":3,"s:25:16:25:Infinity":6,"s:26:2:26:Infinity":7,"b:26:25:26:39:26:39:26:Infinity":2,"f:30:16:30:32":4,"s:31:16:31:Infinity":8,"b:32:2:35:Infinity:undefined:undefined:undefined:undefined":3,"s:32:2:35:Infinity":9,"b:32:6:32:18:32:18:32:34":4,"s:33:17:33:Infinity":10,"s:34:4:34:Infinity":11,"b:34:26:34:32:34:32:34:Infinity":5,"s:36:2:36:Infinity":12,"b:36:28:36:34:36:34:36:Infinity":6,"f:40:16:40:31":5,"s:41:2:41:Infinity":13,"s:44:18:47:Infinity":14,"f:50:16:50:27":6,"b:50:55:50:76":7,"s:51:20:51:Infinity":15,"b:52:2:52:Infinity:undefined:undefined:undefined:undefined":8,"s:52:2:52:Infinity":16,"b:52:6:52:12:52:12:52:18:52:18:52:22":9,"s:52:22:52:Infinity":17,"s:53:2:53:Infinity":18,"b:53:25:53:60:53:60:53:Infinity":10},"fnNames":{}}}
}
