TN:
SF:src/i18n/ui.ts
FNF:0
FNH:0
DA:4,1
DA:9,1
DA:10,1
DA:12,1
LF:4
LH:4
BRF:0
BRH:0
end_of_record
TN:
SF:src/i18n/utils.ts
FN:7,getLangFromUrl
FN:14,useTranslations
FN:15,t
FN:24,localizePath
FN:30,stripLangPrefix
FN:40,switchLangPath
FN:50,formatDate
FNF:7
FNH:7
FNDA:4,getLangFromUrl
FNDA:2,useTranslations
FNDA:3,t
FNDA:6,localizePath
FNDA:8,stripLangPrefix
FNDA:3,switchLangPath
FNDA:3,formatDate
DA:8,4
DA:9,4
DA:10,2
DA:15,2
DA:16,3
DA:25,6
DA:26,6
DA:31,8
DA:32,8
DA:33,6
DA:34,6
DA:36,2
DA:41,3
DA:44,1
DA:51,3
DA:52,3
DA:53,2
LF:17
LH:17
BRDA:9,0,0,2
BRDA:9,0,1,2
BRDA:16,1,0,3
BRDA:16,1,1,0
BRDA:26,2,0,2
BRDA:26,2,1,4
BRDA:32,3,0,6
BRDA:32,3,1,2
BRDA:32,4,0,8
BRDA:32,4,1,7
BRDA:34,5,0,2
BRDA:34,5,1,4
BRDA:36,6,0,1
BRDA:36,6,1,1
BRDA:50,7,0,3
BRDA:52,8,0,1
BRDA:52,8,1,2
BRDA:52,9,0,3
BRDA:52,9,1,2
BRDA:52,9,2,2
BRDA:53,10,0,1
BRDA:53,10,1,1
BRF:22
BRH:21
end_of_record
